2025-11-26 20:01:20,461 | INFO | services.storage | ✅ Logger initialized for [services.storage] at logs\app.log
2025-11-26 20:01:43,392 | INFO | services.llm_factory | ✅ Logger initialized for [services.llm_factory] at logs\app.log
2025-11-26 20:01:43,397 | INFO | util.guardrail_util | ✅ Logger initialized for [util.guardrail_util] at logs\app.log
2025-11-26 20:01:43,398 | INFO | agents.impact_analysis_agent | ✅ Logger initialized for [agents.impact_analysis_agent] at logs\app.log
2025-11-26 20:01:43,441 | INFO | util.ragas_util | ✅ Logger initialized for [util.ragas_util] at logs\app.log
2025-11-26 20:01:43,452 | INFO | agents.rca_agent | ✅ Logger initialized for [agents.rca_agent] at logs\app.log
2025-11-26 20:01:43,473 | INFO | __main__ | ✅ Logger initialized for [__main__] at logs\app.log
2025-11-26 20:01:59,612 | INFO | services.llm_factory | [LLM_FACTORY] Using Azure OpenAI chat model: azure/genailab-maas-gpt-35-turbo
2025-11-26 20:02:04,023 | INFO | agents.rca_agent | [TOOL][get_shipment_details] Lookup shipment_id='SHP1001'
2025-11-26 20:02:04,023 | INFO | agents.rca_agent | [TOOL][get_shipment_details] Loaded 100 shipment records
2025-11-26 20:02:04,023 | INFO | agents.rca_agent | [TOOL][get_shipment_details] sample[0] keys=['event_id', 'shipment_id', 'sku', 'timestamp', 'event_type', 'location', 'carrier', 'remarks'] values_snippet=['1eabf1c9d8584975bd14c60da4a2ac4f', 'SHP1000', 'PROD_A100']
2025-11-26 20:02:04,023 | INFO | agents.rca_agent | [TOOL][get_shipment_details] sample[1] keys=['event_id', 'shipment_id', 'sku', 'timestamp', 'event_type', 'location', 'carrier', 'remarks'] values_snippet=['f879aa959c4f456a972044f2ded0b5f1', 'SHP1001', 'PROD_D400']
2025-11-26 20:02:04,023 | INFO | agents.rca_agent | [TOOL][get_shipment_details] sample[2] keys=['event_id', 'shipment_id', 'sku', 'timestamp', 'event_type', 'location', 'carrier', 'remarks'] values_snippet=['106eea21efb44fbd92c92bbc6818757e', 'SHP1002', 'PROD_C300']
2025-11-26 20:02:04,023 | INFO | agents.rca_agent | [TOOL][get_shipment_details] sample[3] keys=['event_id', 'shipment_id', 'sku', 'timestamp', 'event_type', 'location', 'carrier', 'remarks'] values_snippet=['5f80efe6cd3544efa71e0a02ad642d4b', 'SHP1003', 'PROD_A100']
2025-11-26 20:02:04,023 | INFO | agents.rca_agent | [TOOL][get_shipment_details] sample[4] keys=['event_id', 'shipment_id', 'sku', 'timestamp', 'event_type', 'location', 'carrier', 'remarks'] values_snippet=['0e760dcde8c6447a899f8c548956d889', 'SHP1004', 'PROD_A100']
2025-11-26 20:02:04,023 | INFO | agents.rca_agent | Candidates :: ['SHP1000', '1eabf1c9d8584975bd14c60da4a2ac4f', 'SHP1000', 'PROD_A100', 'Delivered', 'DTDC']
2025-11-26 20:02:04,023 | INFO | agents.rca_agent | Candidates :: ['SHP1001', 'f879aa959c4f456a972044f2ded0b5f1', 'SHP1001', 'PROD_D400', 'Delayed', 'EcomExpress']
2025-11-26 20:02:04,023 | INFO | agents.rca_agent | Candidates :: ['SHP1002', '106eea21efb44fbd92c92bbc6818757e', 'SHP1002', 'PROD_C300', 'Delivered', 'Safexpress']
2025-11-26 20:02:04,023 | INFO | agents.rca_agent | Candidates :: ['SHP1003', '5f80efe6cd3544efa71e0a02ad642d4b', 'SHP1003', 'PROD_A100', 'Dispatched', 'EcomExpress']
2025-11-26 20:02:04,023 | INFO | agents.rca_agent | Candidates :: ['SHP1004', '0e760dcde8c6447a899f8c548956d889', 'SHP1004', 'PROD_A100', 'Dispatched', 'Safexpress']
2025-11-26 20:02:04,028 | INFO | agents.rca_agent | Candidates :: ['SHP1005', 'e75528324edf4d889065c093682e4c12', 'SHP1005', 'PROD_B200', 'Delivered', 'EcomExpress']
2025-11-26 20:02:04,028 | INFO | agents.rca_agent | Candidates :: ['SHP1006', 'eaa9cf357ee043f6b639508656081726', 'SHP1006', 'PROD_D400', 'Delayed', 'EcomExpress']
2025-11-26 20:02:04,028 | INFO | agents.rca_agent | Candidates :: ['SHP1007', '02b140b29395453db1ae350930377680', 'SHP1007', 'PROD_D400', 'Dispatched', 'EcomExpress']
2025-11-26 20:02:04,028 | INFO | agents.rca_agent | Candidates :: ['SHP1008', '0e1d16c734e64e6d9c9f3ad799a24853', 'SHP1008', 'PROD_C300', 'Delivered', 'DTDC']
2025-11-26 20:02:04,028 | INFO | agents.rca_agent | Candidates :: ['SHP1009', '1c2f178286314929a0324f9e26fdc626', 'SHP1009', 'PROD_A100', 'Dispatched', 'EcomExpress']
2025-11-26 20:02:04,028 | INFO | agents.rca_agent | Candidates :: ['SHP1010', '30afd93f7c284b0ba0eae2324f370ad8', 'SHP1010', 'PROD_B200', 'Delivered', 'BlueDart']
2025-11-26 20:02:04,028 | INFO | agents.rca_agent | Candidates :: ['SHP1011', '72871268883246c8bbcb442906c57f89', 'SHP1011', 'PROD_D400', 'Delivered', 'Safexpress']
2025-11-26 20:02:04,028 | INFO | agents.rca_agent | Candidates :: ['SHP1012', '2115cb6cf5d34775a7b96563f9b1a8da', 'SHP1012', 'PROD_B200', 'Dispatched', 'EcomExpress']
2025-11-26 20:02:04,028 | INFO | agents.rca_agent | Candidates :: ['SHP1013', '44992a916e2b4e2ea068ee7dc205fd81', 'SHP1013', 'PROD_B200', 'Delayed', 'Safexpress']
2025-11-26 20:02:04,028 | INFO | agents.rca_agent | Candidates :: ['SHP1014', 'ecb3df23b19b4c299f865fb253ffe88c', 'SHP1014', 'PROD_C300', 'Dispatched', 'Safexpress']
2025-11-26 20:02:04,028 | INFO | agents.rca_agent | Candidates :: ['SHP1015', '772d75d29a3640678a5d519ab0024d1a', 'SHP1015', 'PROD_C300', 'Dispatched', 'Safexpress']
2025-11-26 20:02:04,028 | INFO | agents.rca_agent | Candidates :: ['SHP1016', '3acc7fa93181405ba26998e8eb6730b9', 'SHP1016', 'PROD_A100', 'Dispatched', 'DTDC']
2025-11-26 20:02:04,028 | INFO | agents.rca_agent | Candidates :: ['SHP1017', '8eb2b8ccc764488180c7f319e766c2f8', 'SHP1017', 'PROD_D400', 'Dispatched', 'Safexpress']
2025-11-26 20:02:04,028 | INFO | agents.rca_agent | Candidates :: ['SHP1018', '9a238e92a45e48838bbdec6b5f5fd1d2', 'SHP1018', 'PROD_A100', 'In_Transit', 'BlueDart']
2025-11-26 20:02:04,043 | INFO | agents.rca_agent | Candidates :: ['SHP1019', '8cfd606d5dca4e4bb0443a7ada265266', 'SHP1019', 'PROD_A100', 'Dispatched', 'DTDC']
2025-11-26 20:02:04,046 | INFO | agents.rca_agent | Candidates :: ['SHP1020', '35395e0bb56c4fa295deca430cf53e88', 'SHP1020', 'PROD_C300', 'Delayed', 'DTDC']
2025-11-26 20:02:04,046 | INFO | agents.rca_agent | Candidates :: ['SHP1021', '5c0ddec50e274489b32f3f8ff4ff70f2', 'SHP1021', 'PROD_B200', 'In_Transit', 'DTDC']
2025-11-26 20:02:04,046 | INFO | agents.rca_agent | Candidates :: ['SHP1022', '4eda68cf575a490c804c0d927d1ce7d5', 'SHP1022', 'PROD_A100', 'Dispatched', 'EcomExpress']
2025-11-26 20:02:04,056 | INFO | agents.rca_agent | Candidates :: ['SHP1023', 'd5b62703a2724e78a46a30017a827d41', 'SHP1023', 'PROD_D400', 'In_Transit', 'Safexpress']
2025-11-26 20:02:04,056 | INFO | agents.rca_agent | Candidates :: ['SHP1024', '877e46adcedf4fe58d0b643c901ba7b3', 'SHP1024', 'PROD_C300', 'Delivered', 'BlueDart']
2025-11-26 20:02:04,061 | INFO | agents.rca_agent | Candidates :: ['SHP1025', 'dfbbcee8e7084acb8dac7447bf8b93b3', 'SHP1025', 'PROD_B200', 'Delayed', 'DTDC']
2025-11-26 20:02:04,079 | INFO | agents.rca_agent | Candidates :: ['SHP1026', '979a25627627486baf68d62d98b0f4e1', 'SHP1026', 'PROD_B200', 'Dispatched', 'BlueDart']
2025-11-26 20:02:04,079 | INFO | agents.rca_agent | Candidates :: ['SHP1027', 'd40b95fbcc074e938f5907ffe7e1adcc', 'SHP1027', 'PROD_A100', 'In_Transit', 'BlueDart']
2025-11-26 20:02:04,079 | INFO | agents.rca_agent | Candidates :: ['SHP1028', '2a4c461472f54368ac978f35a38c6e40', 'SHP1028', 'PROD_B200', 'Dispatched', 'BlueDart']
2025-11-26 20:02:04,079 | INFO | agents.rca_agent | Candidates :: ['SHP1029', '72d8ceaa3259469baedbc9f507b7451d', 'SHP1029', 'PROD_C300', 'Delivered', 'EcomExpress']
2025-11-26 20:02:04,079 | INFO | agents.rca_agent | Candidates :: ['SHP1030', 'a8a56484220d4fe289c4649e61f4dd95', 'SHP1030', 'PROD_A100', 'In_Transit', 'EcomExpress']
2025-11-26 20:02:04,079 | INFO | agents.rca_agent | Candidates :: ['SHP1031', 'e16cee57a4b540bd9197e26145ec1838', 'SHP1031', 'PROD_D400', 'Delayed', 'BlueDart']
2025-11-26 20:02:04,079 | INFO | agents.rca_agent | Candidates :: ['SHP1032', '7f93b2cbd79d42b296a4d78358560655', 'SHP1032', 'PROD_B200', 'In_Transit', 'BlueDart']
2025-11-26 20:02:04,079 | INFO | agents.rca_agent | Candidates :: ['SHP1033', '40cf3e40b2244250b652e8f3a71697a9', 'SHP1033', 'PROD_C300', 'Delivered', 'EcomExpress']
2025-11-26 20:02:04,079 | INFO | agents.rca_agent | Candidates :: ['SHP1034', 'bf804ec2394c4112b1f11a2a54bb0dc7', 'SHP1034', 'PROD_A100', 'Delayed', 'Safexpress']
2025-11-26 20:02:04,079 | INFO | agents.rca_agent | Candidates :: ['SHP1035', '36b756b835134cf0b0bbe6f9d1f164d1', 'SHP1035', 'PROD_C300', 'Dispatched', 'DTDC']
2025-11-26 20:02:04,079 | INFO | agents.rca_agent | Candidates :: ['SHP1036', 'a9653cbc97734c8e80e9146d78b52a5e', 'SHP1036', 'PROD_A100', 'Delayed', 'DTDC']
2025-11-26 20:02:04,079 | INFO | agents.rca_agent | Candidates :: ['SHP1037', '0efb4e7323c941bea82aff0f86bed7b0', 'SHP1037', 'PROD_C300', 'Delayed', 'BlueDart']
2025-11-26 20:02:04,079 | INFO | agents.rca_agent | Candidates :: ['SHP1038', '65f48e40b27245bdb06421fa7fd05884', 'SHP1038', 'PROD_A100', 'Delayed', 'Safexpress']
2025-11-26 20:02:04,079 | INFO | agents.rca_agent | Candidates :: ['SHP1039', '55eec7b2afbe48aea3f14d123066842e', 'SHP1039', 'PROD_D400', 'Dispatched', 'Safexpress']
2025-11-26 20:02:04,079 | INFO | agents.rca_agent | Candidates :: ['SHP1040', '5b5c1ec67d024cd7a26104e8310cf734', 'SHP1040', 'PROD_C300', 'In_Transit', 'DTDC']
2025-11-26 20:02:04,079 | INFO | agents.rca_agent | Candidates :: ['SHP1041', 'dcdfa810342543d1b95c7faa177f8b9d', 'SHP1041', 'PROD_C300', 'Delivered', 'Safexpress']
2025-11-26 20:02:04,101 | INFO | agents.rca_agent | Candidates :: ['SHP1042', '1071029119094b25b7fb44454ed8498e', 'SHP1042', 'PROD_A100', 'Dispatched', 'EcomExpress']
2025-11-26 20:02:04,101 | INFO | agents.rca_agent | Candidates :: ['SHP1043', '818b4bcaa9e04f27b85d2f5e8001b62e', 'SHP1043', 'PROD_B200', 'Delayed', 'DTDC']
2025-11-26 20:02:04,101 | INFO | agents.rca_agent | Candidates :: ['SHP1044', 'ddb7bcdb8aed4e18b6869163cddd721b', 'SHP1044', 'PROD_A100', 'In_Transit', 'Safexpress']
2025-11-26 20:02:04,101 | INFO | agents.rca_agent | Candidates :: ['SHP1045', '292de58225ad4e5aa311813347d73fc8', 'SHP1045', 'PROD_C300', 'Dispatched', 'DTDC']
2025-11-26 20:02:04,112 | INFO | agents.rca_agent | Candidates :: ['SHP1046', '3275cc48cbea4c459a4b655f900c3e85', 'SHP1046', 'PROD_C300', 'Delayed', 'BlueDart']
2025-11-26 20:02:04,113 | INFO | agents.rca_agent | Candidates :: ['SHP1047', 'f41d95a30eae416f8fc98fbc58a5de64', 'SHP1047', 'PROD_B200', 'In_Transit', 'Safexpress']
2025-11-26 20:02:04,113 | INFO | agents.rca_agent | Candidates :: ['SHP1048', '92776471baa148c8bd2a198dc0106fe6', 'SHP1048', 'PROD_C300', 'Delivered', 'Safexpress']
2025-11-26 20:02:04,113 | INFO | agents.rca_agent | Candidates :: ['SHP1049', '2306d468e5ac4dfc966fbcbc54ea361e', 'SHP1049', 'PROD_A100', 'Delayed', 'DTDC']
2025-11-26 20:02:04,113 | INFO | agents.rca_agent | Candidates :: ['SHP1000', '1eabf1c9d8584975bd14c60da4a2ac4f', 'SHP1000', 'PROD_A100', 'Delivered', 'DTDC']
2025-11-26 20:02:04,113 | INFO | agents.rca_agent | Candidates :: ['SHP1001', 'f879aa959c4f456a972044f2ded0b5f1', 'SHP1001', 'PROD_D400', 'Delayed', 'EcomExpress']
2025-11-26 20:02:04,115 | INFO | agents.rca_agent | Candidates :: ['SHP1002', '106eea21efb44fbd92c92bbc6818757e', 'SHP1002', 'PROD_C300', 'Delivered', 'Safexpress']
2025-11-26 20:02:04,115 | INFO | agents.rca_agent | Candidates :: ['SHP1003', '5f80efe6cd3544efa71e0a02ad642d4b', 'SHP1003', 'PROD_A100', 'Dispatched', 'EcomExpress']
2025-11-26 20:02:04,115 | INFO | agents.rca_agent | Candidates :: ['SHP1004', '0e760dcde8c6447a899f8c548956d889', 'SHP1004', 'PROD_A100', 'Dispatched', 'Safexpress']
2025-11-26 20:02:04,115 | INFO | agents.rca_agent | Candidates :: ['SHP1005', 'e75528324edf4d889065c093682e4c12', 'SHP1005', 'PROD_B200', 'Delivered', 'EcomExpress']
2025-11-26 20:02:04,117 | INFO | agents.rca_agent | Candidates :: ['SHP1006', 'eaa9cf357ee043f6b639508656081726', 'SHP1006', 'PROD_D400', 'Delayed', 'EcomExpress']
2025-11-26 20:02:04,117 | INFO | agents.rca_agent | Candidates :: ['SHP1007', '02b140b29395453db1ae350930377680', 'SHP1007', 'PROD_D400', 'Dispatched', 'EcomExpress']
2025-11-26 20:02:04,117 | INFO | agents.rca_agent | Candidates :: ['SHP1008', '0e1d16c734e64e6d9c9f3ad799a24853', 'SHP1008', 'PROD_C300', 'Delivered', 'DTDC']
2025-11-26 20:02:04,118 | INFO | agents.rca_agent | Candidates :: ['SHP1009', '1c2f178286314929a0324f9e26fdc626', 'SHP1009', 'PROD_A100', 'Dispatched', 'EcomExpress']
2025-11-26 20:02:04,118 | INFO | agents.rca_agent | Candidates :: ['SHP1010', '30afd93f7c284b0ba0eae2324f370ad8', 'SHP1010', 'PROD_B200', 'Delivered', 'BlueDart']
2025-11-26 20:02:04,118 | INFO | agents.rca_agent | Candidates :: ['SHP1011', '72871268883246c8bbcb442906c57f89', 'SHP1011', 'PROD_D400', 'Delivered', 'Safexpress']
2025-11-26 20:02:04,119 | INFO | agents.rca_agent | Candidates :: ['SHP1012', '2115cb6cf5d34775a7b96563f9b1a8da', 'SHP1012', 'PROD_B200', 'Dispatched', 'EcomExpress']
2025-11-26 20:02:04,119 | INFO | agents.rca_agent | Candidates :: ['SHP1013', '44992a916e2b4e2ea068ee7dc205fd81', 'SHP1013', 'PROD_B200', 'Delayed', 'Safexpress']
2025-11-26 20:02:04,119 | INFO | agents.rca_agent | Candidates :: ['SHP1014', 'ecb3df23b19b4c299f865fb253ffe88c', 'SHP1014', 'PROD_C300', 'Dispatched', 'Safexpress']
2025-11-26 20:02:04,120 | INFO | agents.rca_agent | Candidates :: ['SHP1015', '772d75d29a3640678a5d519ab0024d1a', 'SHP1015', 'PROD_C300', 'Dispatched', 'Safexpress']
2025-11-26 20:02:04,120 | INFO | agents.rca_agent | Candidates :: ['SHP1016', '3acc7fa93181405ba26998e8eb6730b9', 'SHP1016', 'PROD_A100', 'Dispatched', 'DTDC']
2025-11-26 20:02:04,120 | INFO | agents.rca_agent | Candidates :: ['SHP1017', '8eb2b8ccc764488180c7f319e766c2f8', 'SHP1017', 'PROD_D400', 'Dispatched', 'Safexpress']
2025-11-26 20:02:04,122 | INFO | agents.rca_agent | Candidates :: ['SHP1018', '9a238e92a45e48838bbdec6b5f5fd1d2', 'SHP1018', 'PROD_A100', 'In_Transit', 'BlueDart']
2025-11-26 20:02:04,122 | INFO | agents.rca_agent | Candidates :: ['SHP1019', '8cfd606d5dca4e4bb0443a7ada265266', 'SHP1019', 'PROD_A100', 'Dispatched', 'DTDC']
2025-11-26 20:02:04,122 | INFO | agents.rca_agent | Candidates :: ['SHP1020', '35395e0bb56c4fa295deca430cf53e88', 'SHP1020', 'PROD_C300', 'Delayed', 'DTDC']
2025-11-26 20:02:04,122 | INFO | agents.rca_agent | Candidates :: ['SHP1021', '5c0ddec50e274489b32f3f8ff4ff70f2', 'SHP1021', 'PROD_B200', 'In_Transit', 'DTDC']
2025-11-26 20:02:04,124 | INFO | agents.rca_agent | Candidates :: ['SHP1022', '4eda68cf575a490c804c0d927d1ce7d5', 'SHP1022', 'PROD_A100', 'Dispatched', 'EcomExpress']
2025-11-26 20:02:04,124 | INFO | agents.rca_agent | Candidates :: ['SHP1023', 'd5b62703a2724e78a46a30017a827d41', 'SHP1023', 'PROD_D400', 'In_Transit', 'Safexpress']
2025-11-26 20:02:04,124 | INFO | agents.rca_agent | Candidates :: ['SHP1024', '877e46adcedf4fe58d0b643c901ba7b3', 'SHP1024', 'PROD_C300', 'Delivered', 'BlueDart']
2025-11-26 20:02:04,124 | INFO | agents.rca_agent | Candidates :: ['SHP1025', 'dfbbcee8e7084acb8dac7447bf8b93b3', 'SHP1025', 'PROD_B200', 'Delayed', 'DTDC']
2025-11-26 20:02:04,124 | INFO | agents.rca_agent | Candidates :: ['SHP1026', '979a25627627486baf68d62d98b0f4e1', 'SHP1026', 'PROD_B200', 'Dispatched', 'BlueDart']
2025-11-26 20:02:04,124 | INFO | agents.rca_agent | Candidates :: ['SHP1027', 'd40b95fbcc074e938f5907ffe7e1adcc', 'SHP1027', 'PROD_A100', 'In_Transit', 'BlueDart']
2025-11-26 20:02:04,124 | INFO | agents.rca_agent | Candidates :: ['SHP1028', '2a4c461472f54368ac978f35a38c6e40', 'SHP1028', 'PROD_B200', 'Dispatched', 'BlueDart']
2025-11-26 20:02:04,124 | INFO | agents.rca_agent | Candidates :: ['SHP1029', '72d8ceaa3259469baedbc9f507b7451d', 'SHP1029', 'PROD_C300', 'Delivered', 'EcomExpress']
2025-11-26 20:02:04,124 | INFO | agents.rca_agent | Candidates :: ['SHP1030', 'a8a56484220d4fe289c4649e61f4dd95', 'SHP1030', 'PROD_A100', 'In_Transit', 'EcomExpress']
2025-11-26 20:02:04,124 | INFO | agents.rca_agent | Candidates :: ['SHP1031', 'e16cee57a4b540bd9197e26145ec1838', 'SHP1031', 'PROD_D400', 'Delayed', 'BlueDart']
2025-11-26 20:02:04,124 | INFO | agents.rca_agent | Candidates :: ['SHP1032', '7f93b2cbd79d42b296a4d78358560655', 'SHP1032', 'PROD_B200', 'In_Transit', 'BlueDart']
2025-11-26 20:02:04,124 | INFO | agents.rca_agent | Candidates :: ['SHP1033', '40cf3e40b2244250b652e8f3a71697a9', 'SHP1033', 'PROD_C300', 'Delivered', 'EcomExpress']
2025-11-26 20:02:04,124 | INFO | agents.rca_agent | Candidates :: ['SHP1034', 'bf804ec2394c4112b1f11a2a54bb0dc7', 'SHP1034', 'PROD_A100', 'Delayed', 'Safexpress']
2025-11-26 20:02:04,128 | INFO | agents.rca_agent | Candidates :: ['SHP1035', '36b756b835134cf0b0bbe6f9d1f164d1', 'SHP1035', 'PROD_C300', 'Dispatched', 'DTDC']
2025-11-26 20:02:04,128 | INFO | agents.rca_agent | Candidates :: ['SHP1036', 'a9653cbc97734c8e80e9146d78b52a5e', 'SHP1036', 'PROD_A100', 'Delayed', 'DTDC']
2025-11-26 20:02:04,128 | INFO | agents.rca_agent | Candidates :: ['SHP1037', '0efb4e7323c941bea82aff0f86bed7b0', 'SHP1037', 'PROD_C300', 'Delayed', 'BlueDart']
2025-11-26 20:02:04,128 | INFO | agents.rca_agent | Candidates :: ['SHP1038', '65f48e40b27245bdb06421fa7fd05884', 'SHP1038', 'PROD_A100', 'Delayed', 'Safexpress']
2025-11-26 20:02:04,128 | INFO | agents.rca_agent | Candidates :: ['SHP1039', '55eec7b2afbe48aea3f14d123066842e', 'SHP1039', 'PROD_D400', 'Dispatched', 'Safexpress']
2025-11-26 20:02:04,128 | INFO | agents.rca_agent | Candidates :: ['SHP1040', '5b5c1ec67d024cd7a26104e8310cf734', 'SHP1040', 'PROD_C300', 'In_Transit', 'DTDC']
2025-11-26 20:02:04,128 | INFO | agents.rca_agent | Candidates :: ['SHP1041', 'dcdfa810342543d1b95c7faa177f8b9d', 'SHP1041', 'PROD_C300', 'Delivered', 'Safexpress']
2025-11-26 20:02:04,128 | INFO | agents.rca_agent | Candidates :: ['SHP1042', '1071029119094b25b7fb44454ed8498e', 'SHP1042', 'PROD_A100', 'Dispatched', 'EcomExpress']
2025-11-26 20:02:04,128 | INFO | agents.rca_agent | Candidates :: ['SHP1043', '818b4bcaa9e04f27b85d2f5e8001b62e', 'SHP1043', 'PROD_B200', 'Delayed', 'DTDC']
2025-11-26 20:02:04,128 | INFO | agents.rca_agent | Candidates :: ['SHP1044', 'ddb7bcdb8aed4e18b6869163cddd721b', 'SHP1044', 'PROD_A100', 'In_Transit', 'Safexpress']
2025-11-26 20:02:04,128 | INFO | agents.rca_agent | Candidates :: ['SHP1045', '292de58225ad4e5aa311813347d73fc8', 'SHP1045', 'PROD_C300', 'Dispatched', 'DTDC']
2025-11-26 20:02:04,143 | INFO | agents.rca_agent | Candidates :: ['SHP1046', '3275cc48cbea4c459a4b655f900c3e85', 'SHP1046', 'PROD_C300', 'Delayed', 'BlueDart']
2025-11-26 20:02:04,143 | INFO | agents.rca_agent | Candidates :: ['SHP1047', 'f41d95a30eae416f8fc98fbc58a5de64', 'SHP1047', 'PROD_B200', 'In_Transit', 'Safexpress']
2025-11-26 20:02:04,143 | INFO | agents.rca_agent | Candidates :: ['SHP1048', '92776471baa148c8bd2a198dc0106fe6', 'SHP1048', 'PROD_C300', 'Delivered', 'Safexpress']
2025-11-26 20:02:04,143 | INFO | agents.rca_agent | Candidates :: ['SHP1049', '2306d468e5ac4dfc966fbcbc54ea361e', 'SHP1049', 'PROD_A100', 'Delayed', 'DTDC']
2025-11-26 20:02:04,143 | INFO | agents.rca_agent | [TOOL][get_shipment_details] Matches found: 2
2025-11-26 20:02:06,045 | INFO | agents.rca_agent | [TOOL][get_logistics_performance] Lookup carrier=EcomExpress
2025-11-26 20:02:08,356 | INFO | agents.rca_agent | [TOOL][search_external_context] Running vector search for query: heavy rain delay WH_Bangalore EcomExpress November 2025
2025-11-26 20:02:09,101 | INFO | services.llm_factory | [LLM_FACTORY] Using Azure OpenAI embedding model: azure/genailab-maas-text-embedding-3-large
2025-11-26 20:02:20,519 | INFO | agents.rca_agent | [RAGAS_RECORD] Logged RCA_Agent for alert ALRT_74928
2025-11-26 20:02:20,526 | INFO | services.llm_factory | [LLM_FACTORY] Using Azure OpenAI chat model: azure/genailab-maas-gpt-35-turbo
2025-11-26 20:02:39,433 | INFO | util.ragas_util | [RAGAS_RECORD] Logged Impact_Agent for alert ALRT_74928
2025-11-26 20:10:20,064 | INFO | services.storage | ✅ Logger initialized for [services.storage] at logs\app.log
2025-11-26 20:12:35,452 | INFO | services.llm_factory | ✅ Logger initialized for [services.llm_factory] at logs\app.log
2025-11-26 20:12:35,452 | INFO | __main__ | ✅ Logger initialized for [__main__] at logs\app.log
2025-11-26 20:12:52,302 | INFO | services.llm_factory | [LLM_FACTORY] Using Azure OpenAI chat model: azure/genailab-maas-gpt-35-turbo
2025-11-26 20:12:53,320 | INFO | services.llm_factory | [LLM_FACTORY] Using Azure OpenAI embedding model: azure/genailab-maas-text-embedding-3-large
2025-11-26 20:13:15,872 | ERROR | __main__ | [RAGAS] Evaluation failed: Connection error.
Traceback (most recent call last):
  File "C:\Users\GENAIKOLGPUSR48\Desktop\cpg_AI_alert-main\venv_\Lib\site-packages\httpx\_transports\default.py", line 101, in map_httpcore_exceptions
    yield
  File "C:\Users\GENAIKOLGPUSR48\Desktop\cpg_AI_alert-main\venv_\Lib\site-packages\httpx\_transports\default.py", line 250, in handle_request
    resp = self._pool.handle_request(req)
           ^^^^^^^^^^^^^^^^^^^^^^^^^^^^^^
  File "C:\Users\GENAIKOLGPUSR48\Desktop\cpg_AI_alert-main\venv_\Lib\site-packages\httpcore\_sync\connection_pool.py", line 256, in handle_request
    raise exc from None
  File "C:\Users\GENAIKOLGPUSR48\Desktop\cpg_AI_alert-main\venv_\Lib\site-packages\httpcore\_sync\connection_pool.py", line 236, in handle_request
    response = connection.handle_request(
               ^^^^^^^^^^^^^^^^^^^^^^^^^^
  File "C:\Users\GENAIKOLGPUSR48\Desktop\cpg_AI_alert-main\venv_\Lib\site-packages\httpcore\_sync\connection.py", line 101, in handle_request
    raise exc
  File "C:\Users\GENAIKOLGPUSR48\Desktop\cpg_AI_alert-main\venv_\Lib\site-packages\httpcore\_sync\connection.py", line 78, in handle_request
    stream = self._connect(request)
             ^^^^^^^^^^^^^^^^^^^^^^
  File "C:\Users\GENAIKOLGPUSR48\Desktop\cpg_AI_alert-main\venv_\Lib\site-packages\httpcore\_sync\connection.py", line 156, in _connect
    stream = stream.start_tls(**kwargs)
             ^^^^^^^^^^^^^^^^^^^^^^^^^^
  File "C:\Users\GENAIKOLGPUSR48\Desktop\cpg_AI_alert-main\venv_\Lib\site-packages\httpcore\_backends\sync.py", line 154, in start_tls
    with map_exceptions(exc_map):
         ^^^^^^^^^^^^^^^^^^^^^^^
  File "C:\Program Files\Python312\Lib\contextlib.py", line 158, in __exit__
    self.gen.throw(value)
  File "C:\Users\GENAIKOLGPUSR48\Desktop\cpg_AI_alert-main\venv_\Lib\site-packages\httpcore\_exceptions.py", line 14, in map_exceptions
    raise to_exc(exc) from exc
httpcore.ConnectError: [SSL: CERTIFICATE_VERIFY_FAILED] certificate verify failed: unable to get local issuer certificate (_ssl.c:1000)

The above exception was the direct cause of the following exception:

Traceback (most recent call last):
  File "C:\Users\GENAIKOLGPUSR48\Desktop\cpg_AI_alert-main\venv_\Lib\site-packages\openai\_base_client.py", line 982, in request
    response = self._client.send(
               ^^^^^^^^^^^^^^^^^^
  File "C:\Users\GENAIKOLGPUSR48\Desktop\cpg_AI_alert-main\venv_\Lib\site-packages\httpx\_client.py", line 914, in send
    response = self._send_handling_auth(
               ^^^^^^^^^^^^^^^^^^^^^^^^^
  File "C:\Users\GENAIKOLGPUSR48\Desktop\cpg_AI_alert-main\venv_\Lib\site-packages\httpx\_client.py", line 942, in _send_handling_auth
    response = self._send_handling_redirects(
               ^^^^^^^^^^^^^^^^^^^^^^^^^^^^^^
  File "C:\Users\GENAIKOLGPUSR48\Desktop\cpg_AI_alert-main\venv_\Lib\site-packages\httpx\_client.py", line 979, in _send_handling_redirects
    response = self._send_single_request(request)
               ^^^^^^^^^^^^^^^^^^^^^^^^^^^^^^^^^^
  File "C:\Users\GENAIKOLGPUSR48\Desktop\cpg_AI_alert-main\venv_\Lib\site-packages\httpx\_client.py", line 1014, in _send_single_request
    response = transport.handle_request(request)
               ^^^^^^^^^^^^^^^^^^^^^^^^^^^^^^^^^
  File "C:\Users\GENAIKOLGPUSR48\Desktop\cpg_AI_alert-main\venv_\Lib\site-packages\httpx\_transports\default.py", line 249, in handle_request
    with map_httpcore_exceptions():
         ^^^^^^^^^^^^^^^^^^^^^^^^^
  File "C:\Program Files\Python312\Lib\contextlib.py", line 158, in __exit__
    self.gen.throw(value)
  File "C:\Users\GENAIKOLGPUSR48\Desktop\cpg_AI_alert-main\venv_\Lib\site-packages\httpx\_transports\default.py", line 118, in map_httpcore_exceptions
    raise mapped_exc(message) from exc
httpx.ConnectError: [SSL: CERTIFICATE_VERIFY_FAILED] certificate verify failed: unable to get local issuer certificate (_ssl.c:1000)

The above exception was the direct cause of the following exception:

Traceback (most recent call last):
  File "core\5_Admin_Metrics.py", line 226, in <module>
    insights = insights_llm.invoke(insight_prompt)
               ^^^^^^^^^^^^^^^^^^^^^^^^^^^^^^^^^^^
  File "C:\Users\GENAIKOLGPUSR48\Desktop\cpg_AI_alert-main\venv_\Lib\site-packages\langchain_core\language_models\chat_models.py", line 398, in invoke
    self.generate_prompt(
  File "C:\Users\GENAIKOLGPUSR48\Desktop\cpg_AI_alert-main\venv_\Lib\site-packages\langchain_core\language_models\chat_models.py", line 1117, in generate_prompt
    return self.generate(prompt_messages, stop=stop, callbacks=callbacks, **kwargs)
           ^^^^^^^^^^^^^^^^^^^^^^^^^^^^^^^^^^^^^^^^^^^^^^^^^^^^^^^^^^^^^^^^^^^^^^^^
  File "C:\Users\GENAIKOLGPUSR48\Desktop\cpg_AI_alert-main\venv_\Lib\site-packages\langchain_core\language_models\chat_models.py", line 927, in generate
    self._generate_with_cache(
  File "C:\Users\GENAIKOLGPUSR48\Desktop\cpg_AI_alert-main\venv_\Lib\site-packages\langchain_core\language_models\chat_models.py", line 1221, in _generate_with_cache
    result = self._generate(
             ^^^^^^^^^^^^^^^
  File "C:\Users\GENAIKOLGPUSR48\Desktop\cpg_AI_alert-main\venv_\Lib\site-packages\langchain_openai\chat_models\base.py", line 1356, in _generate
    raise e
  File "C:\Users\GENAIKOLGPUSR48\Desktop\cpg_AI_alert-main\venv_\Lib\site-packages\langchain_openai\chat_models\base.py", line 1351, in _generate
    raw_response = self.client.with_raw_response.create(**payload)
                   ^^^^^^^^^^^^^^^^^^^^^^^^^^^^^^^^^^^^^^^^^^^^^^^
  File "C:\Users\GENAIKOLGPUSR48\Desktop\cpg_AI_alert-main\venv_\Lib\site-packages\openai\_legacy_response.py", line 364, in wrapped
    return cast(LegacyAPIResponse[R], func(*args, **kwargs))
                                      ^^^^^^^^^^^^^^^^^^^^^
  File "C:\Users\GENAIKOLGPUSR48\Desktop\cpg_AI_alert-main\venv_\Lib\site-packages\openai\_utils\_utils.py", line 286, in wrapper
    return func(*args, **kwargs)
           ^^^^^^^^^^^^^^^^^^^^^
  File "C:\Users\GENAIKOLGPUSR48\Desktop\cpg_AI_alert-main\venv_\Lib\site-packages\openai\resources\chat\completions\completions.py", line 1189, in create
    return self._post(
           ^^^^^^^^^^^
  File "C:\Users\GENAIKOLGPUSR48\Desktop\cpg_AI_alert-main\venv_\Lib\site-packages\openai\_base_client.py", line 1259, in post
    return cast(ResponseT, self.request(cast_to, opts, stream=stream, stream_cls=stream_cls))
                           ^^^^^^^^^^^^^^^^^^^^^^^^^^^^^^^^^^^^^^^^^^^^^^^^^^^^^^^^^^^^^^^^^
  File "C:\Users\GENAIKOLGPUSR48\Desktop\cpg_AI_alert-main\venv_\Lib\site-packages\openai\_base_client.py", line 1014, in request
    raise APIConnectionError(request=request) from err
openai.APIConnectionError: Connection error.
2025-11-26 20:16:34,494 | INFO | services.llm_factory | [LLM_FACTORY] Using Azure OpenAI chat model: azure/genailab-maas-gpt-35-turbo
2025-11-26 20:16:34,497 | INFO | services.llm_factory | [LLM_FACTORY] Using Azure OpenAI embedding model: azure/genailab-maas-text-embedding-3-large
2025-11-26 20:16:55,033 | INFO | services.llm_factory | [LLM_FACTORY] Using Azure OpenAI chat model: gpt-4o-mini
2025-11-26 20:16:55,348 | ERROR | __main__ | [RAGAS] Evaluation failed: Error code: 400 - {'error': {'message': "{'error': '/chat/completions: Invalid model name passed in model=gpt-4o-mini. Call `/v1/models` to view available models for your key.'}", 'type': 'None', 'param': 'None', 'code': '400'}}
Traceback (most recent call last):
  File "core\5_Admin_Metrics.py", line 227, in <module>
    insights = insights_llm.invoke(insight_prompt)
               ^^^^^^^^^^^^^^^^^^^^^^^^^^^^^^^^^^^
  File "C:\Users\GENAIKOLGPUSR48\Desktop\cpg_AI_alert-main\venv_\Lib\site-packages\langchain_core\language_models\chat_models.py", line 398, in invoke
    self.generate_prompt(
  File "C:\Users\GENAIKOLGPUSR48\Desktop\cpg_AI_alert-main\venv_\Lib\site-packages\langchain_core\language_models\chat_models.py", line 1117, in generate_prompt
    return self.generate(prompt_messages, stop=stop, callbacks=callbacks, **kwargs)
           ^^^^^^^^^^^^^^^^^^^^^^^^^^^^^^^^^^^^^^^^^^^^^^^^^^^^^^^^^^^^^^^^^^^^^^^^
  File "C:\Users\GENAIKOLGPUSR48\Desktop\cpg_AI_alert-main\venv_\Lib\site-packages\langchain_core\language_models\chat_models.py", line 927, in generate
    self._generate_with_cache(
  File "C:\Users\GENAIKOLGPUSR48\Desktop\cpg_AI_alert-main\venv_\Lib\site-packages\langchain_core\language_models\chat_models.py", line 1221, in _generate_with_cache
    result = self._generate(
             ^^^^^^^^^^^^^^^
  File "C:\Users\GENAIKOLGPUSR48\Desktop\cpg_AI_alert-main\venv_\Lib\site-packages\langchain_openai\chat_models\base.py", line 1356, in _generate
    raise e
  File "C:\Users\GENAIKOLGPUSR48\Desktop\cpg_AI_alert-main\venv_\Lib\site-packages\langchain_openai\chat_models\base.py", line 1351, in _generate
    raw_response = self.client.with_raw_response.create(**payload)
                   ^^^^^^^^^^^^^^^^^^^^^^^^^^^^^^^^^^^^^^^^^^^^^^^
  File "C:\Users\GENAIKOLGPUSR48\Desktop\cpg_AI_alert-main\venv_\Lib\site-packages\openai\_legacy_response.py", line 364, in wrapped
    return cast(LegacyAPIResponse[R], func(*args, **kwargs))
                                      ^^^^^^^^^^^^^^^^^^^^^
  File "C:\Users\GENAIKOLGPUSR48\Desktop\cpg_AI_alert-main\venv_\Lib\site-packages\openai\_utils\_utils.py", line 286, in wrapper
    return func(*args, **kwargs)
           ^^^^^^^^^^^^^^^^^^^^^
  File "C:\Users\GENAIKOLGPUSR48\Desktop\cpg_AI_alert-main\venv_\Lib\site-packages\openai\resources\chat\completions\completions.py", line 1189, in create
    return self._post(
           ^^^^^^^^^^^
  File "C:\Users\GENAIKOLGPUSR48\Desktop\cpg_AI_alert-main\venv_\Lib\site-packages\openai\_base_client.py", line 1259, in post
    return cast(ResponseT, self.request(cast_to, opts, stream=stream, stream_cls=stream_cls))
                           ^^^^^^^^^^^^^^^^^^^^^^^^^^^^^^^^^^^^^^^^^^^^^^^^^^^^^^^^^^^^^^^^^
  File "C:\Users\GENAIKOLGPUSR48\Desktop\cpg_AI_alert-main\venv_\Lib\site-packages\openai\_base_client.py", line 1047, in request
    raise self._make_status_error_from_response(err.response) from None
openai.BadRequestError: Error code: 400 - {'error': {'message': "{'error': '/chat/completions: Invalid model name passed in model=gpt-4o-mini. Call `/v1/models` to view available models for your key.'}", 'type': 'None', 'param': 'None', 'code': '400'}}
2025-11-26 20:20:03,113 | INFO | services.llm_factory | [LLM_FACTORY] Using Azure OpenAI chat model: azure/genailab-maas-gpt-35-turbo
2025-11-26 20:20:03,115 | INFO | services.llm_factory | [LLM_FACTORY] Using Azure OpenAI embedding model: azure/genailab-maas-text-embedding-3-large
2025-11-26 20:20:24,211 | INFO | services.llm_factory | [LLM_FACTORY] Using Azure OpenAI chat model: azure/genailab-maas-gpt-35-turbo
2025-11-26 20:26:46,369 | INFO | services.llm_factory | [LLM_FACTORY] Using Azure OpenAI chat model: azure/genailab-maas-gpt-35-turbo
2025-11-26 20:26:46,370 | INFO | services.llm_factory | [LLM_FACTORY] Using Azure OpenAI embedding model: azure/genailab-maas-text-embedding-3-large
2025-11-26 20:26:48,337 | ERROR | __main__ | [RAGAS] Evaluation failed: evaluate() got an unexpected keyword argument 'concurrency_level'
2025-11-26 20:26:48,423 | INFO | services.llm_factory | [LLM_FACTORY] Using Azure OpenAI chat model: azure/genailab-maas-gpt-35-turbo
2025-11-26 20:28:30,493 | INFO | services.storage | ✅ Logger initialized for [services.storage] at logs\app.log
2025-11-26 20:28:47,007 | INFO | services.llm_factory | ✅ Logger initialized for [services.llm_factory] at logs\app.log
2025-11-26 20:28:47,007 | INFO | __main__ | ✅ Logger initialized for [__main__] at logs\app.log
2025-11-26 20:28:56,532 | INFO | services.llm_factory | [LLM_FACTORY] Using Azure OpenAI chat model: azure/genailab-maas-gpt-35-turbo
2025-11-26 20:28:57,701 | INFO | services.llm_factory | [LLM_FACTORY] Using Azure OpenAI embedding model: azure/genailab-maas-text-embedding-3-large
2025-11-26 20:28:59,516 | ERROR | __main__ | [RAGAS] Evaluation failed: evaluate() got an unexpected keyword argument 'concurrency_level'
2025-11-26 20:28:59,623 | INFO | services.llm_factory | [LLM_FACTORY] Using Azure OpenAI chat model: azure/genailab-maas-gpt-35-turbo
2025-11-26 20:32:13,576 | INFO | services.storage | ✅ Logger initialized for [services.storage] at logs\app.log
2025-11-26 20:48:01,224 | INFO | services.storage | ✅ Logger initialized for [services.storage] at logs\app.log
2025-11-26 20:49:27,458 | INFO | services.storage | ✅ Logger initialized for [services.storage] at logs\app.log
2025-11-26 20:49:42,080 | INFO | services.llm_factory | ✅ Logger initialized for [services.llm_factory] at logs\app.log
2025-11-26 20:49:42,080 | INFO | __main__ | ✅ Logger initialized for [__main__] at logs\app.log
2025-11-26 20:49:48,504 | ERROR | __main__ | [RAGAS] Fatal error: name 'httpx' is not defined
Traceback (most recent call last):
  File "core\5_Admin_Metrics.py", line 162, in <module>
    client = httpx.Client(verify=False, timeout=60.0)
             ^^^^^
NameError: name 'httpx' is not defined
2025-11-26 20:50:29,926 | ERROR | __main__ | [RAGAS] Fatal error: name 'ChatOpenAI' is not defined
Traceback (most recent call last):
  File "core\5_Admin_Metrics.py", line 164, in <module>
    llm = ChatOpenAI(
          ^^^^^^^^^^
NameError: name 'ChatOpenAI' is not defined
2025-11-26 20:51:45,033 | INFO | services.llm_factory | [LLM_FACTORY] Using Azure OpenAI chat model: azure/genailab-maas-gpt-35-turbo
2025-11-26 20:54:17,433 | INFO | services.llm_factory | [LLM_FACTORY] Using Azure OpenAI chat model: azure/genailab-maas-gpt-35-turbo
2025-11-26 20:55:53,685 | INFO | services.llm_factory | [LLM_FACTORY] Using Azure OpenAI chat model: azure/genailab-maas-gpt-35-turbo
2025-11-26 20:58:50,913 | INFO | services.llm_factory | [LLM_FACTORY] Using Azure OpenAI chat model: azure/genailab-maas-gpt-35-turbo
